<?xml version="1.0" encoding="UTF-8"?>
<testng-results ignored="0" total="1" passed="1" failed="0" skipped="0">
  <reporter-output>
  </reporter-output>
  <suite started-at="2024-06-15T21:44:47 NZST" name="Default suite" finished-at="2024-06-15T21:44:47 NZST" duration-ms="21">
    <groups>
    </groups>
    <test started-at="2024-06-15T21:44:47 NZST" name="Default test" finished-at="2024-06-15T21:44:47 NZST" duration-ms="21">
      <class name="day1.firstCode">
        <test-method signature="firstCode()[pri:0, instance:day1.firstCode@d29f28]" started-at="2024-06-15T21:44:47 NZST" name="firstCode" finished-at="2024-06-15T21:44:47 NZST" duration-ms="5" status="PASS">
          <reporter-output>
          </reporter-output>
        </test-method> <!-- firstCode -->
      </class> <!-- day1.firstCode -->
    </test> <!-- Default test -->
  </suite> <!-- Default suite -->
</testng-results>
